[2020-04-20T09:39:18+00:00] [DISCOVERER] [UNKNOWN:0] [] [] [tid:18112] [ecid:2020042009391821024] [APP:DISCOVERER]Logging Started

[2020-04-20T09:39:18+00:00] [DISCOVERER] [UNKNOWN:0] [] [] [tid:18112] [ecid:2020042009391821024] [APP:DISCOVERER]Destination=File 
	 LogFileName = .\diagnostic-2020042009391821024.log
	 Unbuffered
Filter = LogFilterInfo { 
	 Level  = 2
	 Module = 
	 Group  = 
	 !Module= 
	 !Group = 
}


PID = 21024
CWD = D:\WORK\ASSIGNMENT\query from p'king
 Environment = { 
	ALLUSERSPROFILE=C:\ProgramData
	APPDATA=C:\Users\4613\AppData\Roaming
	CommonProgramFiles=C:\Program Files (x86)\Common Files
	CommonProgramFiles(x86)=C:\Program Files (x86)\Common Files
	CommonProgramW6432=C:\Program Files\Common Files
	COMPUTERNAME=DEMO-HP01
	ComSpec=C:\Windows\system32\cmd.exe
	DriverData=C:\Windows\System32\Drivers\DriverData
	FPS_BROWSER_APP_PROFILE_STRING=Internet Explorer
	FPS_BROWSER_USER_PROFILE_STRING=Default
	HOMEDRIVE=C:
	HOMEPATH=\Users\4613
	LOCALAPPDATA=C:\Users\4613\AppData\Local
	LOGONSERVER=\\ADBKI05
	NUMBER_OF_PROCESSORS=8
	OneDrive=C:\Users\4613\OneDrive
	OS=Windows_NT
	Path=C:\Windows\system32;C:\Windows;C:\Windows\System32\Wbem;C:\Windows\System32\WindowsPowerShell\v1.0\;C:\Windows\System32\OpenSSH\;C:\Program Files (x86)\Sennheiser\SoftphoneSDK\;C:\Program Files (x86)\Microsoft SQL Server\150\DTS\Binn\;C:\Users\4613\AppData\Local\Microsoft\WindowsApps;C:\Users\4613\AppData\Local\GitHubDesktop\bin
	PATHEXT=.COM;.EXE;.BAT;.CMD;.VBS;.VBE;.JS;.JSE;.WSF;.WSH;.MSC
	PROCESSOR_ARCHITECTURE=x86
	PROCESSOR_ARCHITEW6432=AMD64
	PROCESSOR_IDENTIFIER=Intel64 Family 6 Model 142 Stepping 12, GenuineIntel
	PROCESSOR_LEVEL=6
	PROCESSOR_REVISION=8e0c
	ProgramData=C:\ProgramData
	ProgramFiles=C:\Program Files (x86)
	ProgramFiles(x86)=C:\Program Files (x86)
	ProgramW6432=C:\Program Files
	PSModulePath=C:\Program Files\WindowsPowerShell\Modules;C:\Windows\system32\WindowsPowerShell\v1.0\Modules
	PUBLIC=C:\Users\Public
	SESSIONNAME=Console
	SystemDrive=C:
	SystemRoot=C:\Windows
	TEMP=C:\Users\4613\AppData\Local\Temp
	TMP=C:\Users\4613\AppData\Local\Temp
	UATDATA=C:\Windows\CCM\UATData\D9F8C395-CAB8-491d-B8AC-179A1FE1BE77
	USERDNSDOMAIN=BKI.CO.TH
	USERDOMAIN=BKI
	USERDOMAIN_ROAMINGPROFILE=BKI
	USERNAME=4613
	USERPROFILE=C:\Users\4613
	windir=C:\Windows
 }

